2018-06-14 13:37:26,240 [8] DEBUG PayPal.Api.PayPalResource [(null)] Content-Type:application/x-www-form-urlencoded
2018-06-14 13:37:26,262 [8] DEBUG PayPal.Api.PayPalResource [(null)] User-Agent:PayPalSDK/PayPal-NET-SDK 1.9.1 (lang=DOTNET;v=4.5.1;clr=4.0.30319.42000;bit=64;os=Microsoft Windows NT 6.2.9200.0)
2018-06-14 13:37:26,263 [8] DEBUG PayPal.Api.PayPalResource [(null)] Authorization:Basic QVc2YmtCRFYzOVhJUWttaGkxUE5KT0dwa0FtdXJmQTNxVWFlY3ppLWxLSnZqbzU5aXV2MmUya3FySWdnOkVCTnZqaEEzbGZXeFBGNU0yUjB4VzQ1TkhQUFNPdEUtZWxPQ0dNRkpjYkZvYlVXblBXbDJCN0NqTkxrVw==
2018-06-14 13:37:26,263 [8] DEBUG PayPal.Api.PayPalResource [(null)] PayPal-Request-Id:9db1d6d8-6e2a-4646-b7ea-0f6a4e336e1d
2018-06-14 13:37:26,366 [8] DEBUG PayPal.Api.HttpConnection [(null)] grant_type=client_credentials
2018-06-14 13:37:30,563 [8] DEBUG PayPal.Api.HttpConnection [(null)] Service response: 
2018-06-14 13:37:30,564 [8] DEBUG PayPal.Api.HttpConnection [(null)] {"scope":"https://api.paypal.com/v1/payments/.* https://api.paypal.com/v1/vault/credit-card openid https://api.paypal.com/v1/vault/credit-card/.*","nonce":"2018-06-14T08:08:32Zxkelg9UmkPgsMBNgX-3nTY-XNF5W3oaZt4vp1CTjPfw","access_token":"A21AAEVSCPnkepllCXEmqnKt7dSQFMkcoCdCYcUQINsSMRtf7N-9hvc-8-lwWw0OFl764dV8FXdLUrHbgeINV84zBiN1Ryghw","token_type":"Bearer","app_id":"APP-80W284485P519543T","expires_in":32400}
2018-06-14 13:37:34,436 [8] DEBUG PayPal.Api.PayPalResource [(null)] Content-Type:application/json
2018-06-14 13:37:34,436 [8] DEBUG PayPal.Api.PayPalResource [(null)] User-Agent:PayPalSDK/PayPal-NET-SDK 1.9.1 (lang=DOTNET;v=4.5.1;clr=4.0.30319.42000;bit=64;os=Microsoft Windows NT 6.2.9200.0)
2018-06-14 13:37:34,436 [8] DEBUG PayPal.Api.PayPalResource [(null)] Authorization:Bearer A21AAEVSCPnkepllCXEmqnKt7dSQFMkcoCdCYcUQINsSMRtf7N-9hvc-8-lwWw0OFl764dV8FXdLUrHbgeINV84zBiN1Ryghw
2018-06-14 13:37:34,436 [8] DEBUG PayPal.Api.PayPalResource [(null)] PayPal-Request-Id:49648617-7481-4cb5-86ab-960c6912047b
2018-06-14 13:37:34,438 [8] DEBUG PayPal.Api.HttpConnection [(null)] {"intent":"sale","payer":{"payment_method":"credit_card","funding_instruments":[{"credit_card":{"number":"4444333322221111","type":"discover","expire_month":6,"expire_year":2018,"cvv2":"123","first_name":"Ashwani","billing_address":{"line1":"23rd street kew gardens","city":"NewYork","country_code":"US","postal_code":"43210","state":"NY"}}}]},"transactions":[{"amount":{"currency":"USD","total":"7","details":{"subtotal":"5","shipping":"1","tax":"1"}},"description":"Description about the payment amount.","invoice_number":"your invoice number which you are generating","item_list":{"items":[{"sku":"sku","name":"Demo Item","quantity":"1","price":"5","currency":"USD"}]}}]}
2018-06-14 13:37:39,927 [8] DEBUG PayPal.Api.HttpConnection [(null)] Service response: 
2018-06-14 13:37:39,928 [8] DEBUG PayPal.Api.HttpConnection [(null)] {"id":"PAY-3N762909FC141812PLMRCFBY","intent":"sale","state":"approved","payer":{"payment_method":"credit_card","funding_instruments":[{"credit_card":{"payer_id":"3565634635859379932","type":"DISCOVER","number":"xxxxxxxxxxxx1111","expire_month":"6","expire_year":"2018","first_name":"Ashwani","billing_address":{"line1":"23rd street kew gardens","line2":"","city":"NewYork","state":"NY","postal_code":"43210","country_code":"US"}}}]},"transactions":[{"amount":{"total":"7.00","currency":"USD","details":{"subtotal":"5.00","tax":"1.00","shipping":"1.00"}},"description":"Description about the payment amount.","invoice_number":"your invoice number which you are generating","item_list":{"items":[{"name":"Demo Item","sku":"sku","price":"5.00","currency":"USD","quantity":1}]},"related_resources":[{"sale":{"id":"6VH54650CA4798416","state":"completed","amount":{"total":"7.00","currency":"USD"},"processor_response":{"avs_code":"Y","cvv_code":"S","response_code":"0000"},"parent_payment":"PAY-3N762909FC141812PLMRCFBY","create_time":"2018-06-14T08:08:39Z","update_time":"2018-06-14T08:08:42Z","links":[{"href":"https://api.sandbox.paypal.com/v1/payments/sale/6VH54650CA4798416","rel":"self","method":"GET"},{"href":"https://api.sandbox.paypal.com/v1/payments/sale/6VH54650CA4798416/refund","rel":"refund","method":"POST"},{"href":"https://api.sandbox.paypal.com/v1/payments/payment/PAY-3N762909FC141812PLMRCFBY","rel":"parent_payment","method":"GET"}]}}]}],"create_time":"2018-06-14T08:08:39Z","update_time":"2018-06-14T08:08:42Z","links":[{"href":"https://api.sandbox.paypal.com/v1/payments/payment/PAY-3N762909FC141812PLMRCFBY","rel":"self","method":"GET"}]}
2018-06-18 16:41:51,373 [5] DEBUG PayPal.Api.PayPalResource [(null)] Content-Type:application/x-www-form-urlencoded
2018-06-18 16:41:51,397 [5] DEBUG PayPal.Api.PayPalResource [(null)] User-Agent:PayPalSDK/PayPal-NET-SDK 1.9.1 (lang=DOTNET;v=4.5.1;clr=4.0.30319.42000;bit=64;os=Microsoft Windows NT 6.2.9200.0)
2018-06-18 16:41:51,398 [5] DEBUG PayPal.Api.PayPalResource [(null)] Authorization:Basic QVc2YmtCRFYzOVhJUWttaGkxUE5KT0dwa0FtdXJmQTNxVWFlY3ppLWxLSnZqbzU5aXV2MmUya3FySWdnOkVCTnZqaEEzbGZXeFBGNU0yUjB4VzQ1TkhQUFNPdEUtZWxPQ0dNRkpjYkZvYlVXblBXbDJCN0NqTkxrVw==
2018-06-18 16:41:51,398 [5] DEBUG PayPal.Api.PayPalResource [(null)] PayPal-Request-Id:0d1dfa0c-9ee9-4638-8cf1-60fc8568b415
2018-06-18 16:41:51,513 [5] DEBUG PayPal.Api.HttpConnection [(null)] grant_type=client_credentials
2018-06-18 16:41:56,700 [5] DEBUG PayPal.Api.HttpConnection [(null)] Service response: 
2018-06-18 16:41:56,700 [5] DEBUG PayPal.Api.HttpConnection [(null)] {"scope":"https://api.paypal.com/v1/payments/.* https://api.paypal.com/v1/vault/credit-card openid https://api.paypal.com/v1/vault/credit-card/.*","nonce":"2018-06-18T11:11:57ZIrUTiww4opySk4TXlAzHRiZE0WjjN6xvhodZZkS9wvk","access_token":"A21AAFjDXF_tzcs6dvsnKkjzDI_V7iKgpoAuxwt81GOaLPUtXqRsZ67O0_ihsktcmizW9lSxcWtuC_6WKsqSugxp_25B0kZQg","token_type":"Bearer","app_id":"APP-80W284485P519543T","expires_in":32400}
2018-06-18 16:42:00,496 [5] DEBUG PayPal.Api.PayPalResource [(null)] Content-Type:application/json
2018-06-18 16:42:00,496 [5] DEBUG PayPal.Api.PayPalResource [(null)] User-Agent:PayPalSDK/PayPal-NET-SDK 1.9.1 (lang=DOTNET;v=4.5.1;clr=4.0.30319.42000;bit=64;os=Microsoft Windows NT 6.2.9200.0)
2018-06-18 16:42:00,497 [5] DEBUG PayPal.Api.PayPalResource [(null)] Authorization:Bearer A21AAFjDXF_tzcs6dvsnKkjzDI_V7iKgpoAuxwt81GOaLPUtXqRsZ67O0_ihsktcmizW9lSxcWtuC_6WKsqSugxp_25B0kZQg
2018-06-18 16:42:00,497 [5] DEBUG PayPal.Api.PayPalResource [(null)] PayPal-Request-Id:652663fb-c6fe-4a24-b6cd-0dc9abfd9d96
2018-06-18 16:42:00,498 [5] DEBUG PayPal.Api.HttpConnection [(null)] {"intent":"Insurance","payer":{"payment_method":"credit_card","funding_instruments":[{"credit_card":{"number":"4024007149804782","type":"","expire_month":7,"expire_year":2019,"cvv2":"123","first_name":"dasdsa","billing_address":{"line1":"hhdjs"}}}]},"transactions":[{"amount":{"currency":"USD","total":"175.5","details":{"tax":"102.00"}},"description":"Online vehicle insurance purchased","invoice_number":"INV636649366337573958","item_list":{"items":[{"sku":"sku","name":"Private Car","quantity":"12","price":"175.5","currency":"USD"}]}}]}
2018-06-18 16:42:04,413 [5] ERROR PayPal.Api.HttpConnection [(null)] Error response:
2018-06-18 16:42:04,413 [5] ERROR PayPal.Api.HttpConnection [(null)] {"name":"VALIDATION_ERROR","details":[{"field":"intent","issue":"Payment intent must be sale or authorize or order."},{"field":"payer.funding_instruments[0].credit_card.billing_address.city","issue":"Required field is missing."},{"field":"payer.funding_instruments[0].credit_card.type","issue":"Value must not be blank."},{"field":"payer.funding_instruments[0].credit_card.billing_address.country_code","issue":"Country code must be 2-character ISO 3166-1 value (upper case)."},{"field":"transactions[0].item_list.items[0].price","issue":"Currency amount must be non-negative number and can optionally contain exactly two decimal places separated by '.', optional thousands separator ',', limited to seven digits before the decimal point."},{"field":"transactions[0].amount.total","issue":"Currency amount must be non-negative number and can optionally contain exactly two decimal places separated by '.', optional thousands separator ',', limited to seven digits before the decimal point."},{"field":"payer.funding_instruments[0].credit_card.billing_address.country_code","issue":"Required field is missing."}],"message":"Invalid request. See details.","information_link":"https://developer.paypal.com/docs/api/payments/#errors","debug_id":"f84ae1e33135f"}
2018-06-18 16:42:04,414 [5] ERROR PayPal.Api.HttpConnection [(null)] The remote server returned an error: (400) Bad Request.
2018-06-18 16:42:04,462 [5] ERROR PayPal.PayPalException [(null)] Payments Exception: 
   Error:    VALIDATION_ERROR
   Message:  Invalid request. See details.
   URI:      https://developer.paypal.com/docs/api/payments/#errors
   Debug ID: f84ae1e33135f
   Details:  intent -> Payment intent must be sale or authorize or order.
   Details:  payer.funding_instruments[0].credit_card.billing_address.city -> Required field is missing.
   Details:  payer.funding_instruments[0].credit_card.type -> Value must not be blank.
   Details:  payer.funding_instruments[0].credit_card.billing_address.country_code -> Country code must be 2-character ISO 3166-1 value (upper case).
   Details:  transactions[0].item_list.items[0].price -> Currency amount must be non-negative number and can optionally contain exactly two decimal places separated by '.', optional thousands separator ',', limited to seven digits before the decimal point.
   Details:  transactions[0].amount.total -> Currency amount must be non-negative number and can optionally contain exactly two decimal places separated by '.', optional thousands separator ',', limited to seven digits before the decimal point.
   Details:  payer.funding_instruments[0].credit_card.billing_address.country_code -> Required field is missing.

2018-06-18 16:45:21,468 [5] DEBUG PayPal.Api.PayPalResource [(null)] Content-Type:application/x-www-form-urlencoded
2018-06-18 16:45:21,498 [5] DEBUG PayPal.Api.PayPalResource [(null)] User-Agent:PayPalSDK/PayPal-NET-SDK 1.9.1 (lang=DOTNET;v=4.5.1;clr=4.0.30319.42000;bit=64;os=Microsoft Windows NT 6.2.9200.0)
2018-06-18 16:45:21,498 [5] DEBUG PayPal.Api.PayPalResource [(null)] Authorization:Basic QVc2YmtCRFYzOVhJUWttaGkxUE5KT0dwa0FtdXJmQTNxVWFlY3ppLWxLSnZqbzU5aXV2MmUya3FySWdnOkVCTnZqaEEzbGZXeFBGNU0yUjB4VzQ1TkhQUFNPdEUtZWxPQ0dNRkpjYkZvYlVXblBXbDJCN0NqTkxrVw==
2018-06-18 16:45:21,499 [5] DEBUG PayPal.Api.PayPalResource [(null)] PayPal-Request-Id:d7413043-7525-4d56-bf0d-2eebfeceb0b9
2018-06-18 16:45:21,504 [5] DEBUG PayPal.Api.HttpConnection [(null)] grant_type=client_credentials
2018-06-18 16:45:24,600 [5] DEBUG PayPal.Api.HttpConnection [(null)] Service response: 
2018-06-18 16:45:24,600 [5] DEBUG PayPal.Api.HttpConnection [(null)] {"scope":"https://api.paypal.com/v1/payments/.* https://api.paypal.com/v1/vault/credit-card openid https://api.paypal.com/v1/vault/credit-card/.*","nonce":"2018-06-18T11:11:57ZIrUTiww4opySk4TXlAzHRiZE0WjjN6xvhodZZkS9wvk","access_token":"A21AAFjDXF_tzcs6dvsnKkjzDI_V7iKgpoAuxwt81GOaLPUtXqRsZ67O0_ihsktcmizW9lSxcWtuC_6WKsqSugxp_25B0kZQg","token_type":"Bearer","app_id":"APP-80W284485P519543T","expires_in":32192}
2018-06-18 16:45:27,126 [5] DEBUG PayPal.Api.PayPalResource [(null)] Content-Type:application/json
2018-06-18 16:45:27,126 [5] DEBUG PayPal.Api.PayPalResource [(null)] User-Agent:PayPalSDK/PayPal-NET-SDK 1.9.1 (lang=DOTNET;v=4.5.1;clr=4.0.30319.42000;bit=64;os=Microsoft Windows NT 6.2.9200.0)
2018-06-18 16:45:27,127 [5] DEBUG PayPal.Api.PayPalResource [(null)] Authorization:Bearer A21AAFjDXF_tzcs6dvsnKkjzDI_V7iKgpoAuxwt81GOaLPUtXqRsZ67O0_ihsktcmizW9lSxcWtuC_6WKsqSugxp_25B0kZQg
2018-06-18 16:45:27,127 [5] DEBUG PayPal.Api.PayPalResource [(null)] PayPal-Request-Id:f13dc5f8-bd38-4814-8242-de7a481a3975
2018-06-18 16:45:27,129 [5] DEBUG PayPal.Api.HttpConnection [(null)] {"intent":"Insurance","payer":{"payment_method":"credit_card","funding_instruments":[{"credit_card":{"number":"4024007149804782","type":"","expire_month":7,"expire_year":2019,"cvv2":"123","first_name":"werew","billing_address":{"line1":"hhdjs","city":"NewYork","country_code":"US","postal_code":"43210","state":"NY"}}}]},"transactions":[{"amount":{"currency":"USD","total":"175.5","details":{"tax":"102.00"}},"description":"Online vehicle insurance purchased","invoice_number":"INV636649366337573958","item_list":{"items":[{"sku":"sku","name":"Private Car","quantity":"12","price":"175.5","currency":"USD"}]}}]}
2018-06-18 16:45:30,491 [5] ERROR PayPal.Api.HttpConnection [(null)] Error response:
2018-06-18 16:45:30,491 [5] ERROR PayPal.Api.HttpConnection [(null)] {"name":"VALIDATION_ERROR","details":[{"field":"transactions[0].amount.total","issue":"Currency amount must be non-negative number and can optionally contain exactly two decimal places separated by '.', optional thousands separator ',', limited to seven digits before the decimal point."},{"field":"intent","issue":"Payment intent must be sale or authorize or order."},{"field":"transactions[0].item_list.items[0].price","issue":"Currency amount must be non-negative number and can optionally contain exactly two decimal places separated by '.', optional thousands separator ',', limited to seven digits before the decimal point."},{"field":"payer.funding_instruments[0].credit_card.type","issue":"Value must not be blank."}],"message":"Invalid request. See details.","information_link":"https://developer.paypal.com/docs/api/payments/#errors","debug_id":"f8163b9d4931c"}
2018-06-18 16:45:30,492 [5] ERROR PayPal.Api.HttpConnection [(null)] The remote server returned an error: (400) Bad Request.
2018-06-18 16:45:30,493 [5] ERROR PayPal.PayPalException [(null)] Payments Exception: 
   Error:    VALIDATION_ERROR
   Message:  Invalid request. See details.
   URI:      https://developer.paypal.com/docs/api/payments/#errors
   Debug ID: f8163b9d4931c
   Details:  transactions[0].amount.total -> Currency amount must be non-negative number and can optionally contain exactly two decimal places separated by '.', optional thousands separator ',', limited to seven digits before the decimal point.
   Details:  intent -> Payment intent must be sale or authorize or order.
   Details:  transactions[0].item_list.items[0].price -> Currency amount must be non-negative number and can optionally contain exactly two decimal places separated by '.', optional thousands separator ',', limited to seven digits before the decimal point.
   Details:  payer.funding_instruments[0].credit_card.type -> Value must not be blank.

2018-06-18 16:48:38,408 [5] DEBUG PayPal.Api.PayPalResource [(null)] Content-Type:application/x-www-form-urlencoded
2018-06-18 16:48:38,410 [5] DEBUG PayPal.Api.PayPalResource [(null)] User-Agent:PayPalSDK/PayPal-NET-SDK 1.9.1 (lang=DOTNET;v=4.5.1;clr=4.0.30319.42000;bit=64;os=Microsoft Windows NT 6.2.9200.0)
2018-06-18 16:48:38,410 [5] DEBUG PayPal.Api.PayPalResource [(null)] Authorization:Basic QVc2YmtCRFYzOVhJUWttaGkxUE5KT0dwa0FtdXJmQTNxVWFlY3ppLWxLSnZqbzU5aXV2MmUya3FySWdnOkVCTnZqaEEzbGZXeFBGNU0yUjB4VzQ1TkhQUFNPdEUtZWxPQ0dNRkpjYkZvYlVXblBXbDJCN0NqTkxrVw==
2018-06-18 16:48:38,410 [5] DEBUG PayPal.Api.PayPalResource [(null)] PayPal-Request-Id:ad4aa767-c01a-41c1-b495-a435e1e9a0ca
2018-06-18 16:48:38,413 [5] DEBUG PayPal.Api.HttpConnection [(null)] grant_type=client_credentials
2018-06-18 16:48:41,428 [5] DEBUG PayPal.Api.HttpConnection [(null)] Service response: 
2018-06-18 16:48:41,428 [5] DEBUG PayPal.Api.HttpConnection [(null)] {"scope":"https://api.paypal.com/v1/payments/.* https://api.paypal.com/v1/vault/credit-card openid https://api.paypal.com/v1/vault/credit-card/.*","nonce":"2018-06-18T11:11:57ZIrUTiww4opySk4TXlAzHRiZE0WjjN6xvhodZZkS9wvk","access_token":"A21AAFjDXF_tzcs6dvsnKkjzDI_V7iKgpoAuxwt81GOaLPUtXqRsZ67O0_ihsktcmizW9lSxcWtuC_6WKsqSugxp_25B0kZQg","token_type":"Bearer","app_id":"APP-80W284485P519543T","expires_in":31995}
2018-06-18 16:48:41,430 [5] DEBUG PayPal.Api.PayPalResource [(null)] Content-Type:application/json
2018-06-18 16:48:41,430 [5] DEBUG PayPal.Api.PayPalResource [(null)] User-Agent:PayPalSDK/PayPal-NET-SDK 1.9.1 (lang=DOTNET;v=4.5.1;clr=4.0.30319.42000;bit=64;os=Microsoft Windows NT 6.2.9200.0)
2018-06-18 16:48:41,431 [5] DEBUG PayPal.Api.PayPalResource [(null)] Authorization:Bearer A21AAFjDXF_tzcs6dvsnKkjzDI_V7iKgpoAuxwt81GOaLPUtXqRsZ67O0_ihsktcmizW9lSxcWtuC_6WKsqSugxp_25B0kZQg
2018-06-18 16:48:41,431 [5] DEBUG PayPal.Api.PayPalResource [(null)] PayPal-Request-Id:3bee48a6-d558-4593-aa29-8abeddfe13a6
2018-06-18 16:48:41,433 [5] DEBUG PayPal.Api.HttpConnection [(null)] {"intent":"Insurance","payer":{"payment_method":"credit_card","funding_instruments":[{"credit_card":{"number":"4716060633402855","type":"","expire_month":8,"expire_year":2020,"cvv2":"123","first_name":"43423","billing_address":{"line1":"hhdjs","city":"NewYork","country_code":"US","postal_code":"43210","state":"NY"}}}]},"transactions":[{"amount":{"currency":"USD","total":"175.5","details":{"tax":"102.00"}},"description":"Online vehicle insurance purchased","invoice_number":"INV636649366337573958","item_list":{"items":[{"sku":"sku","name":"Private Car","quantity":"12","price":"175.5","currency":"USD"}]}}]}
2018-06-18 16:48:44,621 [5] ERROR PayPal.Api.HttpConnection [(null)] Error response:
2018-06-18 16:48:44,622 [5] ERROR PayPal.Api.HttpConnection [(null)] {"name":"VALIDATION_ERROR","details":[{"field":"payer.funding_instruments[0].credit_card.type","issue":"Value must not be blank."},{"field":"transactions[0].item_list.items[0].price","issue":"Currency amount must be non-negative number and can optionally contain exactly two decimal places separated by '.', optional thousands separator ',', limited to seven digits before the decimal point."},{"field":"intent","issue":"Payment intent must be sale or authorize or order."},{"field":"transactions[0].amount.total","issue":"Currency amount must be non-negative number and can optionally contain exactly two decimal places separated by '.', optional thousands separator ',', limited to seven digits before the decimal point."}],"message":"Invalid request. See details.","information_link":"https://developer.paypal.com/docs/api/payments/#errors","debug_id":"f69216fc6c70f"}
2018-06-18 16:48:44,622 [5] ERROR PayPal.Api.HttpConnection [(null)] The remote server returned an error: (400) Bad Request.
2018-06-18 16:48:44,623 [5] ERROR PayPal.PayPalException [(null)] Payments Exception: 
   Error:    VALIDATION_ERROR
   Message:  Invalid request. See details.
   URI:      https://developer.paypal.com/docs/api/payments/#errors
   Debug ID: f69216fc6c70f
   Details:  payer.funding_instruments[0].credit_card.type -> Value must not be blank.
   Details:  transactions[0].item_list.items[0].price -> Currency amount must be non-negative number and can optionally contain exactly two decimal places separated by '.', optional thousands separator ',', limited to seven digits before the decimal point.
   Details:  intent -> Payment intent must be sale or authorize or order.
   Details:  transactions[0].amount.total -> Currency amount must be non-negative number and can optionally contain exactly two decimal places separated by '.', optional thousands separator ',', limited to seven digits before the decimal point.

2018-06-18 16:50:29,895 [15] DEBUG PayPal.Api.PayPalResource [(null)] Content-Type:application/x-www-form-urlencoded
2018-06-18 16:50:29,896 [15] DEBUG PayPal.Api.PayPalResource [(null)] User-Agent:PayPalSDK/PayPal-NET-SDK 1.9.1 (lang=DOTNET;v=4.5.1;clr=4.0.30319.42000;bit=64;os=Microsoft Windows NT 6.2.9200.0)
2018-06-18 16:50:29,896 [15] DEBUG PayPal.Api.PayPalResource [(null)] Authorization:Basic QVc2YmtCRFYzOVhJUWttaGkxUE5KT0dwa0FtdXJmQTNxVWFlY3ppLWxLSnZqbzU5aXV2MmUya3FySWdnOkVCTnZqaEEzbGZXeFBGNU0yUjB4VzQ1TkhQUFNPdEUtZWxPQ0dNRkpjYkZvYlVXblBXbDJCN0NqTkxrVw==
2018-06-18 16:50:29,896 [15] DEBUG PayPal.Api.PayPalResource [(null)] PayPal-Request-Id:91b336dd-e66b-43ef-bc50-ac85e5816b07
2018-06-18 16:50:29,898 [15] DEBUG PayPal.Api.HttpConnection [(null)] grant_type=client_credentials
2018-06-18 16:50:33,779 [15] DEBUG PayPal.Api.HttpConnection [(null)] Service response: 
2018-06-18 16:50:33,780 [15] DEBUG PayPal.Api.HttpConnection [(null)] {"scope":"https://api.paypal.com/v1/payments/.* https://api.paypal.com/v1/vault/credit-card openid https://api.paypal.com/v1/vault/credit-card/.*","nonce":"2018-06-18T11:11:57ZIrUTiww4opySk4TXlAzHRiZE0WjjN6xvhodZZkS9wvk","access_token":"A21AAFjDXF_tzcs6dvsnKkjzDI_V7iKgpoAuxwt81GOaLPUtXqRsZ67O0_ihsktcmizW9lSxcWtuC_6WKsqSugxp_25B0kZQg","token_type":"Bearer","app_id":"APP-80W284485P519543T","expires_in":31883}
2018-06-18 16:50:33,780 [15] DEBUG PayPal.Api.PayPalResource [(null)] Content-Type:application/json
2018-06-18 16:50:33,780 [15] DEBUG PayPal.Api.PayPalResource [(null)] User-Agent:PayPalSDK/PayPal-NET-SDK 1.9.1 (lang=DOTNET;v=4.5.1;clr=4.0.30319.42000;bit=64;os=Microsoft Windows NT 6.2.9200.0)
2018-06-18 16:50:33,780 [15] DEBUG PayPal.Api.PayPalResource [(null)] Authorization:Bearer A21AAFjDXF_tzcs6dvsnKkjzDI_V7iKgpoAuxwt81GOaLPUtXqRsZ67O0_ihsktcmizW9lSxcWtuC_6WKsqSugxp_25B0kZQg
2018-06-18 16:50:33,780 [15] DEBUG PayPal.Api.PayPalResource [(null)] PayPal-Request-Id:3657666b-2337-414a-abc4-8d443d303619
2018-06-18 16:50:33,781 [15] DEBUG PayPal.Api.HttpConnection [(null)] {"intent":"Insurance","payer":{"payment_method":"credit_card","funding_instruments":[{"credit_card":{"number":"4111111111111111","type":"","expire_month":7,"expire_year":2019,"cvv2":"123","first_name":"dsds","billing_address":{"line1":"hhdjs","city":"NewYork","country_code":"US","postal_code":"43210","state":"NY"}}}]},"transactions":[{"amount":{"currency":"USD","total":"175.5","details":{"tax":"102.00"}},"description":"Online vehicle insurance purchased","invoice_number":"INV636649366337573958","item_list":{"items":[{"sku":"sku","name":"Private Car","quantity":"12","price":"175.5","currency":"USD"}]}}]}
2018-06-18 16:50:40,021 [15] ERROR PayPal.Api.HttpConnection [(null)] Error response:
2018-06-18 16:50:40,022 [15] ERROR PayPal.Api.HttpConnection [(null)] {"name":"VALIDATION_ERROR","details":[{"field":"intent","issue":"Payment intent must be sale or authorize or order."},{"field":"transactions[0].item_list.items[0].price","issue":"Currency amount must be non-negative number and can optionally contain exactly two decimal places separated by '.', optional thousands separator ',', limited to seven digits before the decimal point."},{"field":"transactions[0].amount.total","issue":"Currency amount must be non-negative number and can optionally contain exactly two decimal places separated by '.', optional thousands separator ',', limited to seven digits before the decimal point."},{"field":"payer.funding_instruments[0].credit_card.type","issue":"Value must not be blank."}],"message":"Invalid request. See details.","information_link":"https://developer.paypal.com/docs/api/payments/#errors","debug_id":"2165ebb0be3a6"}
2018-06-18 16:50:40,022 [15] ERROR PayPal.Api.HttpConnection [(null)] The remote server returned an error: (400) Bad Request.
2018-06-18 16:50:40,022 [15] ERROR PayPal.PayPalException [(null)] Payments Exception: 
   Error:    VALIDATION_ERROR
   Message:  Invalid request. See details.
   URI:      https://developer.paypal.com/docs/api/payments/#errors
   Debug ID: 2165ebb0be3a6
   Details:  intent -> Payment intent must be sale or authorize or order.
   Details:  transactions[0].item_list.items[0].price -> Currency amount must be non-negative number and can optionally contain exactly two decimal places separated by '.', optional thousands separator ',', limited to seven digits before the decimal point.
   Details:  transactions[0].amount.total -> Currency amount must be non-negative number and can optionally contain exactly two decimal places separated by '.', optional thousands separator ',', limited to seven digits before the decimal point.
   Details:  payer.funding_instruments[0].credit_card.type -> Value must not be blank.

2018-06-18 16:58:50,455 [5] DEBUG PayPal.Api.PayPalResource [(null)] Content-Type:application/x-www-form-urlencoded
2018-06-18 16:58:50,467 [5] DEBUG PayPal.Api.PayPalResource [(null)] User-Agent:PayPalSDK/PayPal-NET-SDK 1.9.1 (lang=DOTNET;v=4.5.1;clr=4.0.30319.42000;bit=64;os=Microsoft Windows NT 6.2.9200.0)
2018-06-18 16:58:50,467 [5] DEBUG PayPal.Api.PayPalResource [(null)] Authorization:Basic QVc2YmtCRFYzOVhJUWttaGkxUE5KT0dwa0FtdXJmQTNxVWFlY3ppLWxLSnZqbzU5aXV2MmUya3FySWdnOkVCTnZqaEEzbGZXeFBGNU0yUjB4VzQ1TkhQUFNPdEUtZWxPQ0dNRkpjYkZvYlVXblBXbDJCN0NqTkxrVw==
2018-06-18 16:58:50,467 [5] DEBUG PayPal.Api.PayPalResource [(null)] PayPal-Request-Id:a63b8e44-63ef-4db7-bc06-64775bbf1a7c
2018-06-18 16:58:50,570 [5] DEBUG PayPal.Api.HttpConnection [(null)] grant_type=client_credentials
2018-06-18 16:58:53,922 [5] DEBUG PayPal.Api.HttpConnection [(null)] Service response: 
2018-06-18 16:58:53,923 [5] DEBUG PayPal.Api.HttpConnection [(null)] {"scope":"https://api.paypal.com/v1/payments/.* https://api.paypal.com/v1/vault/credit-card openid https://api.paypal.com/v1/vault/credit-card/.*","nonce":"2018-06-18T11:11:57ZIrUTiww4opySk4TXlAzHRiZE0WjjN6xvhodZZkS9wvk","access_token":"A21AAFjDXF_tzcs6dvsnKkjzDI_V7iKgpoAuxwt81GOaLPUtXqRsZ67O0_ihsktcmizW9lSxcWtuC_6WKsqSugxp_25B0kZQg","token_type":"Bearer","app_id":"APP-80W284485P519543T","expires_in":31383}
2018-06-18 16:58:57,263 [5] DEBUG PayPal.Api.PayPalResource [(null)] Content-Type:application/json
2018-06-18 16:58:57,263 [5] DEBUG PayPal.Api.PayPalResource [(null)] User-Agent:PayPalSDK/PayPal-NET-SDK 1.9.1 (lang=DOTNET;v=4.5.1;clr=4.0.30319.42000;bit=64;os=Microsoft Windows NT 6.2.9200.0)
2018-06-18 16:58:57,263 [5] DEBUG PayPal.Api.PayPalResource [(null)] Authorization:Bearer A21AAFjDXF_tzcs6dvsnKkjzDI_V7iKgpoAuxwt81GOaLPUtXqRsZ67O0_ihsktcmizW9lSxcWtuC_6WKsqSugxp_25B0kZQg
2018-06-18 16:58:57,264 [5] DEBUG PayPal.Api.PayPalResource [(null)] PayPal-Request-Id:0539848e-c450-44a5-8c81-aa71eb27e5f0
2018-06-18 16:58:57,265 [5] DEBUG PayPal.Api.HttpConnection [(null)] {"intent":"Insurance","payer":{"payment_method":"credit_card","funding_instruments":[{"credit_card":{"number":"4539545764423287","type":"Visa","expire_month":7,"expire_year":2019,"cvv2":"123","first_name":"dsad","billing_address":{"line1":"hhdjs","city":"NewYork","country_code":"US","postal_code":"43210","state":"NY"}}}]},"transactions":[{"amount":{"currency":"USD","total":"175.5","details":{"tax":"102.00"}},"description":"Online vehicle insurance purchased","invoice_number":"INV636649366337573958","item_list":{"items":[{"sku":"sku","name":"Private Car","quantity":"12","price":"175.5","currency":"USD"}]}}]}
2018-06-18 16:59:00,440 [5] ERROR PayPal.Api.HttpConnection [(null)] Error response:
2018-06-18 16:59:00,441 [5] ERROR PayPal.Api.HttpConnection [(null)] {"name":"VALIDATION_ERROR","details":[{"field":"transactions[0].item_list.items[0].price","issue":"Currency amount must be non-negative number and can optionally contain exactly two decimal places separated by '.', optional thousands separator ',', limited to seven digits before the decimal point."},{"field":"intent","issue":"Payment intent must be sale or authorize or order."},{"field":"payer.funding_instruments[0].credit_card.type","issue":"Credit card type must be visa, mastercard, amex, jcb, or discover."},{"field":"transactions[0].amount.total","issue":"Currency amount must be non-negative number and can optionally contain exactly two decimal places separated by '.', optional thousands separator ',', limited to seven digits before the decimal point."}],"message":"Invalid request. See details.","information_link":"https://developer.paypal.com/docs/api/payments/#errors","debug_id":"f07b82b33b382"}
2018-06-18 16:59:00,442 [5] ERROR PayPal.Api.HttpConnection [(null)] The remote server returned an error: (400) Bad Request.
2018-06-18 16:59:00,508 [5] ERROR PayPal.PayPalException [(null)] Payments Exception: 
   Error:    VALIDATION_ERROR
   Message:  Invalid request. See details.
   URI:      https://developer.paypal.com/docs/api/payments/#errors
   Debug ID: f07b82b33b382
   Details:  transactions[0].item_list.items[0].price -> Currency amount must be non-negative number and can optionally contain exactly two decimal places separated by '.', optional thousands separator ',', limited to seven digits before the decimal point.
   Details:  intent -> Payment intent must be sale or authorize or order.
   Details:  payer.funding_instruments[0].credit_card.type -> Credit card type must be visa, mastercard, amex, jcb, or discover.
   Details:  transactions[0].amount.total -> Currency amount must be non-negative number and can optionally contain exactly two decimal places separated by '.', optional thousands separator ',', limited to seven digits before the decimal point.

2018-06-18 17:06:51,713 [8] DEBUG PayPal.Api.PayPalResource [(null)] Content-Type:application/x-www-form-urlencoded
2018-06-18 17:06:51,726 [8] DEBUG PayPal.Api.PayPalResource [(null)] User-Agent:PayPalSDK/PayPal-NET-SDK 1.9.1 (lang=DOTNET;v=4.5.1;clr=4.0.30319.42000;bit=64;os=Microsoft Windows NT 6.2.9200.0)
2018-06-18 17:06:51,726 [8] DEBUG PayPal.Api.PayPalResource [(null)] Authorization:Basic QVc2YmtCRFYzOVhJUWttaGkxUE5KT0dwa0FtdXJmQTNxVWFlY3ppLWxLSnZqbzU5aXV2MmUya3FySWdnOkVCTnZqaEEzbGZXeFBGNU0yUjB4VzQ1TkhQUFNPdEUtZWxPQ0dNRkpjYkZvYlVXblBXbDJCN0NqTkxrVw==
2018-06-18 17:06:51,726 [8] DEBUG PayPal.Api.PayPalResource [(null)] PayPal-Request-Id:88c7bb95-68aa-47bf-a128-07fb2ad648b6
2018-06-18 17:06:51,833 [8] DEBUG PayPal.Api.HttpConnection [(null)] grant_type=client_credentials
2018-06-18 17:06:55,223 [8] DEBUG PayPal.Api.HttpConnection [(null)] Service response: 
2018-06-18 17:06:55,223 [8] DEBUG PayPal.Api.HttpConnection [(null)] {"scope":"https://api.paypal.com/v1/payments/.* https://api.paypal.com/v1/vault/credit-card openid https://api.paypal.com/v1/vault/credit-card/.*","nonce":"2018-06-18T11:11:57ZIrUTiww4opySk4TXlAzHRiZE0WjjN6xvhodZZkS9wvk","access_token":"A21AAFjDXF_tzcs6dvsnKkjzDI_V7iKgpoAuxwt81GOaLPUtXqRsZ67O0_ihsktcmizW9lSxcWtuC_6WKsqSugxp_25B0kZQg","token_type":"Bearer","app_id":"APP-80W284485P519543T","expires_in":30901}
2018-06-18 17:06:58,098 [8] DEBUG PayPal.Api.PayPalResource [(null)] Content-Type:application/json
2018-06-18 17:06:58,099 [8] DEBUG PayPal.Api.PayPalResource [(null)] User-Agent:PayPalSDK/PayPal-NET-SDK 1.9.1 (lang=DOTNET;v=4.5.1;clr=4.0.30319.42000;bit=64;os=Microsoft Windows NT 6.2.9200.0)
2018-06-18 17:06:58,099 [8] DEBUG PayPal.Api.PayPalResource [(null)] Authorization:Bearer A21AAFjDXF_tzcs6dvsnKkjzDI_V7iKgpoAuxwt81GOaLPUtXqRsZ67O0_ihsktcmizW9lSxcWtuC_6WKsqSugxp_25B0kZQg
2018-06-18 17:06:58,099 [8] DEBUG PayPal.Api.PayPalResource [(null)] PayPal-Request-Id:7c4f1425-50c5-405f-a396-6a4081c84bbf
2018-06-18 17:06:58,100 [8] DEBUG PayPal.Api.HttpConnection [(null)] {"intent":"Insurance","payer":{"payment_method":"credit_card","funding_instruments":[{"credit_card":{"number":"5435076113955227","type":"MasterCard","expire_month":7,"expire_year":2019,"cvv2":"123","first_name":"fsdfds","billing_address":{"line1":"hhdjs","city":"NewYork","country_code":"US","postal_code":"43210","state":"NY"}}}]},"transactions":[{"amount":{"currency":"USD","total":"175.50","details":{"tax":"102.00"}},"description":"Online vehicle insurance purchased","invoice_number":"INV636649366337573958","item_list":{"items":[{"sku":"sku","name":"Private Car","quantity":"12","price":"175.50","currency":"USD"}]}}]}
2018-06-18 17:07:01,293 [8] ERROR PayPal.Api.HttpConnection [(null)] Error response:
2018-06-18 17:07:01,294 [8] ERROR PayPal.Api.HttpConnection [(null)] {"name":"VALIDATION_ERROR","details":[{"field":"payer.funding_instruments[0].credit_card.type","issue":"Credit card type must be visa, mastercard, amex, jcb, or discover."},{"field":"transactions[0].amount","issue":"Transaction amount details (subtotal, tax, shipping) must add up to specified amount total."},{"field":"intent","issue":"Payment intent must be sale or authorize or order."}],"message":"Invalid request. See details.","information_link":"https://developer.paypal.com/docs/api/payments/#errors","debug_id":"8c90636c1231d"}
2018-06-18 17:07:01,296 [8] ERROR PayPal.Api.HttpConnection [(null)] The remote server returned an error: (400) Bad Request.
2018-06-18 17:07:01,362 [8] ERROR PayPal.PayPalException [(null)] Payments Exception: 
   Error:    VALIDATION_ERROR
   Message:  Invalid request. See details.
   URI:      https://developer.paypal.com/docs/api/payments/#errors
   Debug ID: 8c90636c1231d
   Details:  payer.funding_instruments[0].credit_card.type -> Credit card type must be visa, mastercard, amex, jcb, or discover.
   Details:  transactions[0].amount -> Transaction amount details (subtotal, tax, shipping) must add up to specified amount total.
   Details:  intent -> Payment intent must be sale or authorize or order.

2018-06-18 17:09:52,146 [8] DEBUG PayPal.Api.PayPalResource [(null)] Content-Type:application/x-www-form-urlencoded
2018-06-18 17:09:52,157 [8] DEBUG PayPal.Api.PayPalResource [(null)] User-Agent:PayPalSDK/PayPal-NET-SDK 1.9.1 (lang=DOTNET;v=4.5.1;clr=4.0.30319.42000;bit=64;os=Microsoft Windows NT 6.2.9200.0)
2018-06-18 17:09:52,157 [8] DEBUG PayPal.Api.PayPalResource [(null)] Authorization:Basic QVc2YmtCRFYzOVhJUWttaGkxUE5KT0dwa0FtdXJmQTNxVWFlY3ppLWxLSnZqbzU5aXV2MmUya3FySWdnOkVCTnZqaEEzbGZXeFBGNU0yUjB4VzQ1TkhQUFNPdEUtZWxPQ0dNRkpjYkZvYlVXblBXbDJCN0NqTkxrVw==
2018-06-18 17:09:52,157 [8] DEBUG PayPal.Api.PayPalResource [(null)] PayPal-Request-Id:039b6ae8-4bb5-403e-800e-969f044708e8
2018-06-18 17:09:52,166 [8] DEBUG PayPal.Api.HttpConnection [(null)] grant_type=client_credentials
2018-06-18 17:09:55,506 [8] DEBUG PayPal.Api.HttpConnection [(null)] Service response: 
2018-06-18 17:09:55,506 [8] DEBUG PayPal.Api.HttpConnection [(null)] {"scope":"https://api.paypal.com/v1/payments/.* https://api.paypal.com/v1/vault/credit-card openid https://api.paypal.com/v1/vault/credit-card/.*","nonce":"2018-06-18T11:11:57ZIrUTiww4opySk4TXlAzHRiZE0WjjN6xvhodZZkS9wvk","access_token":"A21AAFjDXF_tzcs6dvsnKkjzDI_V7iKgpoAuxwt81GOaLPUtXqRsZ67O0_ihsktcmizW9lSxcWtuC_6WKsqSugxp_25B0kZQg","token_type":"Bearer","app_id":"APP-80W284485P519543T","expires_in":30721}
2018-06-18 17:09:58,361 [8] DEBUG PayPal.Api.PayPalResource [(null)] Content-Type:application/json
2018-06-18 17:09:58,361 [8] DEBUG PayPal.Api.PayPalResource [(null)] User-Agent:PayPalSDK/PayPal-NET-SDK 1.9.1 (lang=DOTNET;v=4.5.1;clr=4.0.30319.42000;bit=64;os=Microsoft Windows NT 6.2.9200.0)
2018-06-18 17:09:58,361 [8] DEBUG PayPal.Api.PayPalResource [(null)] Authorization:Bearer A21AAFjDXF_tzcs6dvsnKkjzDI_V7iKgpoAuxwt81GOaLPUtXqRsZ67O0_ihsktcmizW9lSxcWtuC_6WKsqSugxp_25B0kZQg
2018-06-18 17:09:58,362 [8] DEBUG PayPal.Api.PayPalResource [(null)] PayPal-Request-Id:a5f88181-56b9-440b-869f-0b54825ebf35
2018-06-18 17:09:58,363 [8] DEBUG PayPal.Api.HttpConnection [(null)] {"intent":"Insurance","payer":{"payment_method":"credit_card","funding_instruments":[{"credit_card":{"number":"6011957841662583","type":"Discover","expire_month":7,"expire_year":2018,"cvv2":"123","first_name":"dasdsad","billing_address":{"line1":"hhdjs","city":"NewYork","country_code":"US","postal_code":"43210","state":"NY"}}}]},"transactions":[{"amount":{"currency":"USD","total":"175.50"},"description":"Online vehicle insurance purchased","invoice_number":"INV636649366337573958","item_list":{"items":[{"sku":"sku","name":"Private Car","quantity":"12","price":"175.50","currency":"USD"}]}}]}
2018-06-18 17:10:01,544 [8] ERROR PayPal.Api.HttpConnection [(null)] Error response:
2018-06-18 17:10:01,545 [8] ERROR PayPal.Api.HttpConnection [(null)] {"name":"VALIDATION_ERROR","details":[{"field":"intent","issue":"Payment intent must be sale or authorize or order."},{"field":"payer.funding_instruments[0].credit_card.type","issue":"Credit card type must be visa, mastercard, amex, jcb, or discover."},{"field":"transactions","issue":"Item amount must add up to specified amount subtotal (or total if amount details not specified)."}],"message":"Invalid request. See details.","information_link":"https://developer.paypal.com/docs/api/payments/#errors","debug_id":"27c7ffce52354"}
2018-06-18 17:10:01,545 [8] ERROR PayPal.Api.HttpConnection [(null)] The remote server returned an error: (400) Bad Request.
2018-06-18 17:10:01,603 [8] ERROR PayPal.PayPalException [(null)] Payments Exception: 
   Error:    VALIDATION_ERROR
   Message:  Invalid request. See details.
   URI:      https://developer.paypal.com/docs/api/payments/#errors
   Debug ID: 27c7ffce52354
   Details:  intent -> Payment intent must be sale or authorize or order.
   Details:  payer.funding_instruments[0].credit_card.type -> Credit card type must be visa, mastercard, amex, jcb, or discover.
   Details:  transactions -> Item amount must add up to specified amount subtotal (or total if amount details not specified).

2018-06-18 17:16:08,846 [8] DEBUG PayPal.Api.PayPalResource [(null)] Content-Type:application/x-www-form-urlencoded
2018-06-18 17:16:08,857 [8] DEBUG PayPal.Api.PayPalResource [(null)] User-Agent:PayPalSDK/PayPal-NET-SDK 1.9.1 (lang=DOTNET;v=4.5.1;clr=4.0.30319.42000;bit=64;os=Microsoft Windows NT 6.2.9200.0)
2018-06-18 17:16:08,857 [8] DEBUG PayPal.Api.PayPalResource [(null)] Authorization:Basic QVc2YmtCRFYzOVhJUWttaGkxUE5KT0dwa0FtdXJmQTNxVWFlY3ppLWxLSnZqbzU5aXV2MmUya3FySWdnOkVCTnZqaEEzbGZXeFBGNU0yUjB4VzQ1TkhQUFNPdEUtZWxPQ0dNRkpjYkZvYlVXblBXbDJCN0NqTkxrVw==
2018-06-18 17:16:08,857 [8] DEBUG PayPal.Api.PayPalResource [(null)] PayPal-Request-Id:674e2e12-6650-4567-aeb9-ffe010f801db
2018-06-18 17:16:08,981 [8] DEBUG PayPal.Api.HttpConnection [(null)] grant_type=client_credentials
2018-06-18 17:16:12,399 [8] DEBUG PayPal.Api.HttpConnection [(null)] Service response: 
2018-06-18 17:16:12,399 [8] DEBUG PayPal.Api.HttpConnection [(null)] {"scope":"https://api.paypal.com/v1/payments/.* https://api.paypal.com/v1/vault/credit-card openid https://api.paypal.com/v1/vault/credit-card/.*","nonce":"2018-06-18T11:11:57ZIrUTiww4opySk4TXlAzHRiZE0WjjN6xvhodZZkS9wvk","access_token":"A21AAFjDXF_tzcs6dvsnKkjzDI_V7iKgpoAuxwt81GOaLPUtXqRsZ67O0_ihsktcmizW9lSxcWtuC_6WKsqSugxp_25B0kZQg","token_type":"Bearer","app_id":"APP-80W284485P519543T","expires_in":30344}
2018-06-18 17:16:13,125 [8] DEBUG PayPal.Api.PayPalResource [(null)] Content-Type:application/json
2018-06-18 17:16:13,125 [8] DEBUG PayPal.Api.PayPalResource [(null)] User-Agent:PayPalSDK/PayPal-NET-SDK 1.9.1 (lang=DOTNET;v=4.5.1;clr=4.0.30319.42000;bit=64;os=Microsoft Windows NT 6.2.9200.0)
2018-06-18 17:16:13,125 [8] DEBUG PayPal.Api.PayPalResource [(null)] Authorization:Bearer A21AAFjDXF_tzcs6dvsnKkjzDI_V7iKgpoAuxwt81GOaLPUtXqRsZ67O0_ihsktcmizW9lSxcWtuC_6WKsqSugxp_25B0kZQg
2018-06-18 17:16:13,125 [8] DEBUG PayPal.Api.PayPalResource [(null)] PayPal-Request-Id:7ee8ea57-d0b8-46fe-89da-8676375ab664
2018-06-18 17:16:13,126 [8] DEBUG PayPal.Api.HttpConnection [(null)] {"intent":"Insurance","payer":{"payment_method":"credit_card","funding_instruments":[{"credit_card":{"number":"375356765995553","type":"amex","expire_month":7,"expire_year":2019,"cvv2":"123","first_name":"sadsa","billing_address":{"line1":"hhdjs","city":"NewYork","country_code":"US","postal_code":"43210","state":"NY"}}}]},"transactions":[{"amount":{"currency":"USD","total":"175.50","details":{"subtotal":"175.50","shipping":"0.00","tax":"0.00"}},"description":"Online vehicle insurance purchased","invoice_number":"INV636649366337573958","item_list":{"items":[{"sku":"sku","name":"Private Car","quantity":"12","price":"175.50","currency":"USD"}]}}]}
2018-06-18 17:16:16,711 [8] ERROR PayPal.Api.HttpConnection [(null)] Error response:
2018-06-18 17:16:16,712 [8] ERROR PayPal.Api.HttpConnection [(null)] {"name":"VALIDATION_ERROR","details":[{"field":"intent","issue":"Payment intent must be sale or authorize or order."},{"field":"transactions","issue":"Item amount must add up to specified amount subtotal (or total if amount details not specified)."}],"message":"Invalid request. See details.","information_link":"https://developer.paypal.com/docs/api/payments/#errors","debug_id":"794be8c2787b3"}
2018-06-18 17:16:16,712 [8] ERROR PayPal.Api.HttpConnection [(null)] The remote server returned an error: (400) Bad Request.
2018-06-18 17:16:16,766 [8] ERROR PayPal.PayPalException [(null)] Payments Exception: 
   Error:    VALIDATION_ERROR
   Message:  Invalid request. See details.
   URI:      https://developer.paypal.com/docs/api/payments/#errors
   Debug ID: 794be8c2787b3
   Details:  intent -> Payment intent must be sale or authorize or order.
   Details:  transactions -> Item amount must add up to specified amount subtotal (or total if amount details not specified).

2018-06-18 17:20:47,756 [13] DEBUG PayPal.Api.PayPalResource [(null)] Content-Type:application/x-www-form-urlencoded
2018-06-18 17:20:47,766 [13] DEBUG PayPal.Api.PayPalResource [(null)] User-Agent:PayPalSDK/PayPal-NET-SDK 1.9.1 (lang=DOTNET;v=4.5.1;clr=4.0.30319.42000;bit=64;os=Microsoft Windows NT 6.2.9200.0)
2018-06-18 17:20:47,767 [13] DEBUG PayPal.Api.PayPalResource [(null)] Authorization:Basic QVc2YmtCRFYzOVhJUWttaGkxUE5KT0dwa0FtdXJmQTNxVWFlY3ppLWxLSnZqbzU5aXV2MmUya3FySWdnOkVCTnZqaEEzbGZXeFBGNU0yUjB4VzQ1TkhQUFNPdEUtZWxPQ0dNRkpjYkZvYlVXblBXbDJCN0NqTkxrVw==
2018-06-18 17:20:47,767 [13] DEBUG PayPal.Api.PayPalResource [(null)] PayPal-Request-Id:edc53301-1d52-488e-871c-ff41747f5d0c
2018-06-18 17:20:47,777 [13] DEBUG PayPal.Api.HttpConnection [(null)] grant_type=client_credentials
2018-06-18 17:20:51,137 [13] DEBUG PayPal.Api.HttpConnection [(null)] Service response: 
2018-06-18 17:20:51,137 [13] DEBUG PayPal.Api.HttpConnection [(null)] {"scope":"https://api.paypal.com/v1/payments/.* https://api.paypal.com/v1/vault/credit-card openid https://api.paypal.com/v1/vault/credit-card/.*","nonce":"2018-06-18T11:11:57ZIrUTiww4opySk4TXlAzHRiZE0WjjN6xvhodZZkS9wvk","access_token":"A21AAFjDXF_tzcs6dvsnKkjzDI_V7iKgpoAuxwt81GOaLPUtXqRsZ67O0_ihsktcmizW9lSxcWtuC_6WKsqSugxp_25B0kZQg","token_type":"Bearer","app_id":"APP-80W284485P519543T","expires_in":30065}
2018-06-18 17:20:52,425 [13] DEBUG PayPal.Api.PayPalResource [(null)] Content-Type:application/json
2018-06-18 17:20:52,425 [13] DEBUG PayPal.Api.PayPalResource [(null)] User-Agent:PayPalSDK/PayPal-NET-SDK 1.9.1 (lang=DOTNET;v=4.5.1;clr=4.0.30319.42000;bit=64;os=Microsoft Windows NT 6.2.9200.0)
2018-06-18 17:20:52,425 [13] DEBUG PayPal.Api.PayPalResource [(null)] Authorization:Bearer A21AAFjDXF_tzcs6dvsnKkjzDI_V7iKgpoAuxwt81GOaLPUtXqRsZ67O0_ihsktcmizW9lSxcWtuC_6WKsqSugxp_25B0kZQg
2018-06-18 17:20:52,425 [13] DEBUG PayPal.Api.PayPalResource [(null)] PayPal-Request-Id:99d0fd61-b1f3-49dd-9082-35d838cd7546
2018-06-18 17:20:52,427 [13] DEBUG PayPal.Api.HttpConnection [(null)] {"intent":"sale","payer":{"payment_method":"credit_card","funding_instruments":[{"credit_card":{"number":"5426396561685378","type":"mastercard","expire_month":7,"expire_year":2018,"cvv2":"123","first_name":"sadfsa","billing_address":{"line1":"hhdjs","city":"NewYork","country_code":"US","postal_code":"43210","state":"NY"}}}]},"transactions":[{"amount":{"currency":"USD","total":"175.50"},"description":"Online vehicle insurance purchased","invoice_number":"INV636649366337573958","item_list":{"items":[{"sku":"sku","name":"Private Car","quantity":"12","price":"175.50","currency":"USD"}]}}]}
2018-06-18 17:21:10,464 [13] ERROR PayPal.Api.HttpConnection [(null)] Error response:
2018-06-18 17:21:10,465 [13] ERROR PayPal.Api.HttpConnection [(null)] {"name":"INTERNAL_SERVICE_ERROR","message":"An internal service error has occurred","information_link":"https://developer.paypal.com/docs/api/payments/#errors","debug_id":"7190721092510"}
2018-06-18 17:21:10,465 [13] ERROR PayPal.Api.HttpConnection [(null)] The remote server returned an error: (500) Internal Server Error.
2018-06-18 17:24:13,168 [17] DEBUG PayPal.Api.PayPalResource [(null)] Content-Type:application/x-www-form-urlencoded
2018-06-18 17:24:13,176 [17] DEBUG PayPal.Api.PayPalResource [(null)] User-Agent:PayPalSDK/PayPal-NET-SDK 1.9.1 (lang=DOTNET;v=4.5.1;clr=4.0.30319.42000;bit=64;os=Microsoft Windows NT 6.2.9200.0)
2018-06-18 17:24:13,176 [17] DEBUG PayPal.Api.PayPalResource [(null)] Authorization:Basic QVc2YmtCRFYzOVhJUWttaGkxUE5KT0dwa0FtdXJmQTNxVWFlY3ppLWxLSnZqbzU5aXV2MmUya3FySWdnOkVCTnZqaEEzbGZXeFBGNU0yUjB4VzQ1TkhQUFNPdEUtZWxPQ0dNRkpjYkZvYlVXblBXbDJCN0NqTkxrVw==
2018-06-18 17:24:13,176 [17] DEBUG PayPal.Api.PayPalResource [(null)] PayPal-Request-Id:5c38d73d-d366-41fb-8deb-f9f30ee87721
2018-06-18 17:24:13,272 [17] DEBUG PayPal.Api.HttpConnection [(null)] grant_type=client_credentials
2018-06-18 17:24:16,328 [17] DEBUG PayPal.Api.HttpConnection [(null)] Service response: 
2018-06-18 17:24:16,328 [17] DEBUG PayPal.Api.HttpConnection [(null)] {"scope":"https://api.paypal.com/v1/payments/.* https://api.paypal.com/v1/vault/credit-card openid https://api.paypal.com/v1/vault/credit-card/.*","nonce":"2018-06-18T11:11:57ZIrUTiww4opySk4TXlAzHRiZE0WjjN6xvhodZZkS9wvk","access_token":"A21AAFjDXF_tzcs6dvsnKkjzDI_V7iKgpoAuxwt81GOaLPUtXqRsZ67O0_ihsktcmizW9lSxcWtuC_6WKsqSugxp_25B0kZQg","token_type":"Bearer","app_id":"APP-80W284485P519543T","expires_in":29860}
2018-06-18 17:24:16,994 [17] DEBUG PayPal.Api.PayPalResource [(null)] Content-Type:application/json
2018-06-18 17:24:16,995 [17] DEBUG PayPal.Api.PayPalResource [(null)] User-Agent:PayPalSDK/PayPal-NET-SDK 1.9.1 (lang=DOTNET;v=4.5.1;clr=4.0.30319.42000;bit=64;os=Microsoft Windows NT 6.2.9200.0)
2018-06-18 17:24:16,995 [17] DEBUG PayPal.Api.PayPalResource [(null)] Authorization:Bearer A21AAFjDXF_tzcs6dvsnKkjzDI_V7iKgpoAuxwt81GOaLPUtXqRsZ67O0_ihsktcmizW9lSxcWtuC_6WKsqSugxp_25B0kZQg
2018-06-18 17:24:16,996 [17] DEBUG PayPal.Api.PayPalResource [(null)] PayPal-Request-Id:7d973ea2-d3f2-4e13-a065-de0306d1d4d7
2018-06-18 17:24:16,998 [17] DEBUG PayPal.Api.HttpConnection [(null)] {"intent":"sale","payer":{"payment_method":"credit_card","funding_instruments":[{"credit_card":{"number":"5426396561685378","type":"mastercard","expire_month":7,"expire_year":2018,"cvv2":"123","first_name":"dsdsa","billing_address":{"line1":"hhdjs","city":"NewYork","country_code":"US","postal_code":"43210","state":"NY"}}}]},"transactions":[{"amount":{"currency":"USD","total":"175.50"},"description":"Online vehicle insurance purchased","invoice_number":"INV636649366337573958","item_list":{"items":[{"sku":"sku","name":"Private Car","quantity":"1","price":"175.50","currency":"USD"}]}}]}
2018-06-18 17:24:31,085 [17] DEBUG PayPal.Api.HttpConnection [(null)] Service response: 
2018-06-18 17:24:31,086 [17] DEBUG PayPal.Api.HttpConnection [(null)] {"id":"PAY-0K910280KU8449506LMTZ24Q","intent":"sale","state":"approved","payer":{"payment_method":"credit_card","funding_instruments":[{"credit_card":{"payer_id":"2205487918229401969","type":"MASTERCARD","number":"xxxxxxxxxxxx5378","expire_month":"7","expire_year":"2018","first_name":"dsdsa","billing_address":{"line1":"hhdjs","line2":"","city":"NewYork","state":"NY","postal_code":"43210","country_code":"US"}}}]},"transactions":[{"amount":{"total":"175.50","currency":"USD"},"description":"Online vehicle insurance purchased","invoice_number":"INV636649366337573958","item_list":{"items":[{"name":"Private Car","sku":"sku","price":"175.50","currency":"USD","quantity":1}]},"related_resources":[{"sale":{"id":"1SU9396420869182L","state":"completed","amount":{"total":"175.50","currency":"USD"},"processor_response":{"avs_code":"Y","cvv_code":"S","response_code":"0000"},"parent_payment":"PAY-0K910280KU8449506LMTZ24Q","create_time":"2018-06-18T11:54:26Z","update_time":"2018-06-18T11:54:31Z","links":[{"href":"https://api.sandbox.paypal.com/v1/payments/sale/1SU9396420869182L","rel":"self","method":"GET"},{"href":"https://api.sandbox.paypal.com/v1/payments/sale/1SU9396420869182L/refund","rel":"refund","method":"POST"},{"href":"https://api.sandbox.paypal.com/v1/payments/payment/PAY-0K910280KU8449506LMTZ24Q","rel":"parent_payment","method":"GET"}]}}]}],"create_time":"2018-06-18T11:54:26Z","update_time":"2018-06-18T11:54:31Z","links":[{"href":"https://api.sandbox.paypal.com/v1/payments/payment/PAY-0K910280KU8449506LMTZ24Q","rel":"self","method":"GET"}]}
